<?xml version="1.0" encoding="UTF-8"?>
<!-- Generated by org.testng.reporters.JUnitReportReporter -->
<testsuite name="com.narendra.qa.MyTestClass" tests="3" time="39.007" ignored="0" failures="0" timestamp="21 May 2017 03:26:57 GMT" skipped="0" hostname="Narendras-MacBook-Pro.local" errors="0">
  <testcase name="googleTest01" time="13.515" classname="com.narendra.qa.MyTestClass"/>
  <testcase name="googleTest02" time="12.926" classname="com.narendra.qa.MyTestClass"/>
  <testcase name="googleTest03" time="12.566" classname="com.narendra.qa.MyTestClass"/>
</testsuite> <!-- com.narendra.qa.MyTestClass -->
